<?xml version="1.0" ?><testsuite name="PointTest" time="0.018" timestamp="2024-05-14T09:59:10" tests="4" failures="0" skipped="0" aborted="0"><properties>
[...]
</properties><testcase classname="PointTest" name="testCheckHit(Point)[1]" time="0.006"></testcase><testcase classname="PointTest" name="testCheckHit(Point)[2]" time="0.0"></testcase><testcase classname="PointTest" name="testCheckMiss(Point)[1]" time="0.0"></testcase><testcase classname="PointTest" name="testCheckMiss(Point)[2]" time="0.0"></testcase></testsuite>